/*C12*/SET SCHEMA PUBLIC
DELETE FROM DATABASECHANGELOGLOCK WHERE ID=1
INSERT INTO DATABASECHANGELOGLOCK VALUES(1,TRUE,'2024-03-28 11:09:52.726000','10.122.0.31 (10.122.0.31)')
COMMIT
DELETE FROM DATABASECHANGELOGLOCK WHERE ID=1
INSERT INTO DATABASECHANGELOGLOCK VALUES(1,FALSE,NULL,NULL)
COMMIT
DELETE FROM ATLASSIAN_HOST WHERE CLIENT_KEY='aed21113-51a6-33ed-9912-ffa999c3ed86'
INSERT INTO ATLASSIAN_HOST VALUES('aed21113-51a6-33ed-9912-ffa999c3ed86','MIGfMA0GCSqGSIb3DQEBAQUAA4GNADCBiQKBgQCk/TdnClHNUL0e0QH6zNsv6WY9qUdz0hRAHRpVTXPxfZEdx60Ue+TRvzPtRsdbhWL0m9KWj1FqnMxHmzfeRQR2//VfAe8QRZpxKZkcnYtoCL8Ysgg2llOWaNF15iUj+78kR0F7OPr3ngV01r6OzazsdzCTHteJE70wuEpsKjRrPQIDAQAB','ATCOU5bxDOgCkfhX3cDN3nG146CrqMxP5-pMP7OHZ1FHhKqJZWpK_nWl5d7wC-mLAAh5KHJbN3AcLkDr94o1SqvFkwABBBA541','https://teambitdev.atlassian.net','jira','Atlassian JIRA at https://teambitdev.atlassian.net ',NULL,FALSE,'2022-03-23 21:41:35.876000','2024-03-28 11:13:11.587000',NULL,'61dfd768853498007325e048',NULL)
COMMIT
DELETE FROM ATLASSIAN_HOST WHERE CLIENT_KEY='aed21113-51a6-33ed-9912-ffa999c3ed86'
INSERT INTO ATLASSIAN_HOST VALUES('aed21113-51a6-33ed-9912-ffa999c3ed86','MIGfMA0GCSqGSIb3DQEBAQUAA4GNADCBiQKBgQCk/TdnClHNUL0e0QH6zNsv6WY9qUdz0hRAHRpVTXPxfZEdx60Ue+TRvzPtRsdbhWL0m9KWj1FqnMxHmzfeRQR2//VfAe8QRZpxKZkcnYtoCL8Ysgg2llOWaNF15iUj+78kR0F7OPr3ngV01r6OzazsdzCTHteJE70wuEpsKjRrPQIDAQAB','ATCOaRwq96Cvh9oYNY6D_Nlva-kbl-zTkAvDQzsYxrqg5jWvZVrFrzXCMOUmsn80RXUo6DcMT9mDHTn5qA4F4JX8zg494E47C2','https://teambitdev.atlassian.net','jira','Atlassian JIRA at https://teambitdev.atlassian.net ',NULL,TRUE,'2022-03-23 21:41:35.876000','2024-03-28 11:13:44.942000',NULL,'61dfd768853498007325e048',NULL)
COMMIT
DISCONNECT
/*C13*/SET SCHEMA PUBLIC
DISCONNECT
/*C14*/SET SCHEMA PUBLIC
DISCONNECT
/*C15*/SET SCHEMA PUBLIC
DISCONNECT
/*C16*/SET SCHEMA PUBLIC
DISCONNECT
/*C17*/SET SCHEMA PUBLIC
DISCONNECT
/*C18*/SET SCHEMA PUBLIC
DISCONNECT
/*C19*/SET SCHEMA PUBLIC
DISCONNECT
/*C20*/SET SCHEMA PUBLIC
DISCONNECT
/*C21*/SET SCHEMA PUBLIC
DISCONNECT
